app/build/intermediates/manifest_merge_blame_file/release/manifest-merger-blame-release-report.txt
1<?xml version="1.0" encoding="utf-8"?>
2<manifest xmlns:android="http://schemas.android.com/apk/res/android"
3    package="indiabeeps.app.bayanapp"
4    android:versionCode="46"
5    android:versionName="4.6" >
6
7    <uses-sdk
8        android:minSdkVersion="16"
8-->src\main\AndroidManifest.xml
9        android:targetSdkVersion="29" />
9-->src\main\AndroidManifest.xml
10
11    <uses-permission android:name="android.permission.INTERNET" />
11-->src\main\AndroidManifest.xml:68:5-67
11-->src\main\AndroidManifest.xml:68:22-64
12    <uses-permission android:name="android.permission.WRITE_EXTERNAL_STORAGE" />
12-->src\main\AndroidManifest.xml:69:5-81
12-->src\main\AndroidManifest.xml:69:22-78
13    <uses-permission android:name="com.android.vending.BILLING" />
13-->src\main\AndroidManifest.xml:70:5-67
13-->src\main\AndroidManifest.xml:70:22-64
14    <uses-permission android:name="android.permission.ACCESS_NETWORK_STATE" />
14-->src\main\AndroidManifest.xml:72:5-79
14-->src\main\AndroidManifest.xml:72:22-76
15    <uses-permission android:name="android.permission.WAKE_LOCK" /> <!-- Required by older versions of Google Play services to create IID tokens -->
15-->[com.google.android.gms:play-services-measurement-api:17.4.3] AndroidManifest.xml:24:5-68
15-->[com.google.android.gms:play-services-measurement-api:17.4.3] AndroidManifest.xml:24:22-65
16    <uses-permission android:name="com.google.android.c2dm.permission.RECEIVE" />
16-->[com.google.firebase:firebase-iid:20.2.1] AndroidManifest.xml:26:5-82
16-->[com.google.firebase:firebase-iid:20.2.1] AndroidManifest.xml:26:22-79
17    <uses-permission android:name="com.google.android.finsky.permission.BIND_GET_INSTALL_REFERRER_SERVICE" />
17-->[com.google.android.gms:play-services-measurement:17.4.3] AndroidManifest.xml:26:5-110
17-->[com.google.android.gms:play-services-measurement:17.4.3] AndroidManifest.xml:26:22-107
18
19    <application
19-->src\main\AndroidManifest.xml:6:5-67:19
20        android:name="indiabeeps.app.bayanapp.unusedClasses.mySync"
20-->src\main\AndroidManifest.xml:7:9-45
21        android:allowBackup="true"
21-->src\main\AndroidManifest.xml:8:9-35
22        android:appComponentFactory="androidx.core.app.CoreComponentFactory"
22-->[androidx.core:core:1.3.0] AndroidManifest.xml:24:18-86
23        android:icon="@mipmap/a1"
23-->src\main\AndroidManifest.xml:9:9-34
24        android:label="@string/app_name"
24-->src\main\AndroidManifest.xml:10:9-41
25        android:theme="@style/AppTheme" >
25-->src\main\AndroidManifest.xml:11:9-40
26        <activity
26-->src\main\AndroidManifest.xml:14:9-15:57
27            android:name="indiabeeps.app.bayanapp.HadisActivity"
27-->src\main\AndroidManifest.xml:14:19-48
28            android:theme="@style/AppFullScreenTheme" />
28-->src\main\AndroidManifest.xml:15:13-54
29        <activity
29-->src\main\AndroidManifest.xml:17:9-19:51
30            android:name="indiabeeps.app.bayanapp.payment.PaymentActivity"
30-->src\main\AndroidManifest.xml:18:13-52
31            android:theme="@style/PaymentTheme" />
31-->src\main\AndroidManifest.xml:19:13-48
32        <activity android:name="indiabeeps.app.bayanapp.MainActivity" />
32-->src\main\AndroidManifest.xml:21:9-50
32-->src\main\AndroidManifest.xml:21:19-47
33        <activity
33-->src\main\AndroidManifest.xml:23:9-32:20
34            android:name="indiabeeps.app.bayanapp.Splash"
34-->src\main\AndroidManifest.xml:24:13-35
35            android:launchMode="singleTop"
35-->src\main\AndroidManifest.xml:25:13-43
36            android:theme="@android:style/Theme.Black.NoTitleBar" >
36-->src\main\AndroidManifest.xml:26:13-66
37            <intent-filter>
37-->src\main\AndroidManifest.xml:27:13-31:29
38                <action android:name="android.intent.action.MAIN" />
38-->src\main\AndroidManifest.xml:28:17-69
38-->src\main\AndroidManifest.xml:28:25-66
39
40                <category android:name="android.intent.category.LAUNCHER" />
40-->src\main\AndroidManifest.xml:30:17-77
40-->src\main\AndroidManifest.xml:30:27-74
41            </intent-filter>
42        </activity>
43        <activity android:name="indiabeeps.app.bayanapp.Categories" />
43-->src\main\AndroidManifest.xml:33:9-48
43-->src\main\AndroidManifest.xml:33:19-45
44        <activity android:name="indiabeeps.app.bayanapp.ArticleList" />
44-->src\main\AndroidManifest.xml:34:9-49
44-->src\main\AndroidManifest.xml:34:19-46
45        <activity android:name="indiabeeps.app.bayanapp.AfterSplash" />
45-->src\main\AndroidManifest.xml:35:9-49
45-->src\main\AndroidManifest.xml:35:19-46
46        <activity
46-->src\main\AndroidManifest.xml:37:9-39:68
47            android:name="indiabeeps.app.bayanapp.BeforeRating"
47-->src\main\AndroidManifest.xml:38:13-41
48            android:label="@string/title_activity_before_rating" />
48-->src\main\AndroidManifest.xml:39:13-65
49        <activity
49-->src\main\AndroidManifest.xml:40:9-42:38
50            android:name="indiabeeps.app.bayanapp.SearchList"
50-->src\main\AndroidManifest.xml:41:13-39
51            android:label="Search" />
51-->src\main\AndroidManifest.xml:42:13-35
52
53        <service
53-->src\main\AndroidManifest.xml:44:9-47:40
54            android:name="indiabeeps.app.bayanapp.NotificationService"
54-->src\main\AndroidManifest.xml:45:13-48
55            android:enabled="true"
55-->src\main\AndroidManifest.xml:46:13-35
56            android:exported="false" />
56-->src\main\AndroidManifest.xml:47:13-37
57        <service
57-->src\main\AndroidManifest.xml:48:9-51:40
58            android:name="indiabeeps.app.bayanapp.MyService"
58-->src\main\AndroidManifest.xml:49:13-38
59            android:enabled="true"
59-->src\main\AndroidManifest.xml:50:13-35
60            android:exported="false" />
60-->src\main\AndroidManifest.xml:51:13-37
61        <service
61-->src\main\AndroidManifest.xml:53:9-59:19
62            android:name="indiabeeps.app.bayanapp.MyFirebaseMessagingService"
62-->src\main\AndroidManifest.xml:54:13-55
63            android:exported="false" >
63-->src\main\AndroidManifest.xml:55:13-37
64            <intent-filter>
64-->src\main\AndroidManifest.xml:56:13-58:29
65                <action android:name="com.google.firebase.MESSAGING_EVENT" />
65-->src\main\AndroidManifest.xml:57:17-78
65-->src\main\AndroidManifest.xml:57:25-75
66            </intent-filter>
67        </service>
68        <service
68-->src\main\AndroidManifest.xml:60:9-66:19
69            android:name="indiabeeps.app.bayanapp.FirebaseIDService"
69-->src\main\AndroidManifest.xml:61:13-46
70            android:exported="false" >
70-->src\main\AndroidManifest.xml:62:13-37
71            <intent-filter>
71-->src\main\AndroidManifest.xml:63:13-65:29
72                <action android:name="com.google.firebase.INSTANCE_ID_EVENT" />
72-->src\main\AndroidManifest.xml:64:17-80
72-->src\main\AndroidManifest.xml:64:25-77
73            </intent-filter>
74        </service>
75
76        <meta-data
76-->[com.android.billingclient:billing:3.0.0] AndroidManifest.xml:13:9-15:37
77            android:name="com.google.android.play.billingclient.version"
77-->[com.android.billingclient:billing:3.0.0] AndroidManifest.xml:14:13-73
78            android:value="3.0.0" />
78-->[com.android.billingclient:billing:3.0.0] AndroidManifest.xml:15:13-34
79
80        <activity
80-->[com.android.billingclient:billing:3.0.0] AndroidManifest.xml:17:9-20:75
81            android:name="com.android.billingclient.api.ProxyBillingActivity"
81-->[com.android.billingclient:billing:3.0.0] AndroidManifest.xml:18:13-78
82            android:configChanges="keyboard|keyboardHidden|screenLayout|screenSize|orientation"
82-->[com.android.billingclient:billing:3.0.0] AndroidManifest.xml:19:13-96
83            android:theme="@android:style/Theme.Translucent.NoTitleBar" />
83-->[com.android.billingclient:billing:3.0.0] AndroidManifest.xml:20:13-72
84        <!--
85             FirebaseMessagingService performs security checks at runtime,
86             but set to not exported to explicitly avoid allowing another app to call it.
87        -->
88        <service
88-->[com.google.firebase:firebase-messaging:20.2.1] AndroidManifest.xml:28:9-35:19
89            android:name="com.google.firebase.messaging.FirebaseMessagingService"
89-->[com.google.firebase:firebase-messaging:20.2.1] AndroidManifest.xml:29:13-82
90            android:directBootAware="true"
90-->[com.google.firebase:firebase-messaging:20.2.1] AndroidManifest.xml:30:13-43
91            android:exported="false" >
91-->[com.google.firebase:firebase-messaging:20.2.1] AndroidManifest.xml:31:13-37
92            <intent-filter android:priority="-500" >
92-->src\main\AndroidManifest.xml:56:13-58:29
93                <action android:name="com.google.firebase.MESSAGING_EVENT" />
93-->src\main\AndroidManifest.xml:57:17-78
93-->src\main\AndroidManifest.xml:57:25-75
94            </intent-filter>
95        </service>
96        <service
96-->[com.google.firebase:firebase-messaging:20.2.1] AndroidManifest.xml:36:9-42:19
97            android:name="com.google.firebase.components.ComponentDiscoveryService"
97-->[com.google.firebase:firebase-messaging:20.2.1] AndroidManifest.xml:37:13-84
98            android:directBootAware="true"
98-->[com.google.firebase:firebase-common:19.3.0] AndroidManifest.xml:34:13-43
99            android:exported="false" >
99-->[com.google.firebase:firebase-messaging:20.2.1] AndroidManifest.xml:38:13-37
100            <meta-data
100-->[com.google.firebase:firebase-messaging:20.2.1] AndroidManifest.xml:39:13-41:85
101                android:name="com.google.firebase.components:com.google.firebase.messaging.FirebaseMessagingRegistrar"
101-->[com.google.firebase:firebase-messaging:20.2.1] AndroidManifest.xml:40:17-119
102                android:value="com.google.firebase.components.ComponentRegistrar" />
102-->[com.google.firebase:firebase-messaging:20.2.1] AndroidManifest.xml:41:17-82
103            <meta-data
103-->[com.google.android.gms:play-services-measurement-api:17.4.3] AndroidManifest.xml:30:13-32:85
104                android:name="com.google.firebase.components:com.google.firebase.analytics.connector.internal.AnalyticsConnectorRegistrar"
104-->[com.google.android.gms:play-services-measurement-api:17.4.3] AndroidManifest.xml:31:17-139
105                android:value="com.google.firebase.components.ComponentRegistrar" />
105-->[com.google.android.gms:play-services-measurement-api:17.4.3] AndroidManifest.xml:32:17-82
106            <meta-data
106-->[com.google.firebase:firebase-iid:20.2.1] AndroidManifest.xml:32:13-34:85
107                android:name="com.google.firebase.components:com.google.firebase.iid.Registrar"
107-->[com.google.firebase:firebase-iid:20.2.1] AndroidManifest.xml:33:17-96
108                android:value="com.google.firebase.components.ComponentRegistrar" />
108-->[com.google.firebase:firebase-iid:20.2.1] AndroidManifest.xml:34:17-82
109            <meta-data
109-->[com.google.firebase:firebase-datatransport:17.0.3] AndroidManifest.xml:28:13-30:85
110                android:name="com.google.firebase.components:com.google.firebase.datatransport.TransportRegistrar"
110-->[com.google.firebase:firebase-datatransport:17.0.3] AndroidManifest.xml:29:17-115
111                android:value="com.google.firebase.components.ComponentRegistrar" />
111-->[com.google.firebase:firebase-datatransport:17.0.3] AndroidManifest.xml:30:17-82
112            <meta-data
112-->[com.google.firebase:firebase-installations:16.3.2] AndroidManifest.xml:17:13-19:85
113                android:name="com.google.firebase.components:com.google.firebase.installations.FirebaseInstallationsRegistrar"
113-->[com.google.firebase:firebase-installations:16.3.2] AndroidManifest.xml:18:17-127
114                android:value="com.google.firebase.components.ComponentRegistrar" />
114-->[com.google.firebase:firebase-installations:16.3.2] AndroidManifest.xml:19:17-82
115        </service>
116
117        <receiver
117-->[com.google.firebase:firebase-iid:20.2.1] AndroidManifest.xml:37:9-44:20
118            android:name="com.google.firebase.iid.FirebaseInstanceIdReceiver"
118-->[com.google.firebase:firebase-iid:20.2.1] AndroidManifest.xml:38:13-78
119            android:exported="true"
119-->[com.google.firebase:firebase-iid:20.2.1] AndroidManifest.xml:39:13-36
120            android:permission="com.google.android.c2dm.permission.SEND" >
120-->[com.google.firebase:firebase-iid:20.2.1] AndroidManifest.xml:40:13-73
121            <intent-filter>
121-->[com.google.firebase:firebase-iid:20.2.1] AndroidManifest.xml:41:13-43:29
122                <action android:name="com.google.android.c2dm.intent.RECEIVE" />
122-->[com.google.firebase:firebase-iid:20.2.1] AndroidManifest.xml:42:17-81
122-->[com.google.firebase:firebase-iid:20.2.1] AndroidManifest.xml:42:25-78
123            </intent-filter>
124        </receiver>
125        <receiver
125-->[com.google.android.gms:play-services-measurement:17.4.3] AndroidManifest.xml:29:9-33:20
126            android:name="com.google.android.gms.measurement.AppMeasurementReceiver"
126-->[com.google.android.gms:play-services-measurement:17.4.3] AndroidManifest.xml:30:13-85
127            android:enabled="true"
127-->[com.google.android.gms:play-services-measurement:17.4.3] AndroidManifest.xml:31:13-35
128            android:exported="false" >
128-->[com.google.android.gms:play-services-measurement:17.4.3] AndroidManifest.xml:32:13-37
129        </receiver>
130
131        <service
131-->[com.google.android.gms:play-services-measurement:17.4.3] AndroidManifest.xml:35:9-38:40
132            android:name="com.google.android.gms.measurement.AppMeasurementService"
132-->[com.google.android.gms:play-services-measurement:17.4.3] AndroidManifest.xml:36:13-84
133            android:enabled="true"
133-->[com.google.android.gms:play-services-measurement:17.4.3] AndroidManifest.xml:37:13-35
134            android:exported="false" />
134-->[com.google.android.gms:play-services-measurement:17.4.3] AndroidManifest.xml:38:13-37
135        <service
135-->[com.google.android.gms:play-services-measurement:17.4.3] AndroidManifest.xml:39:9-43:72
136            android:name="com.google.android.gms.measurement.AppMeasurementJobService"
136-->[com.google.android.gms:play-services-measurement:17.4.3] AndroidManifest.xml:40:13-87
137            android:enabled="true"
137-->[com.google.android.gms:play-services-measurement:17.4.3] AndroidManifest.xml:41:13-35
138            android:exported="false"
138-->[com.google.android.gms:play-services-measurement:17.4.3] AndroidManifest.xml:42:13-37
139            android:permission="android.permission.BIND_JOB_SERVICE" />
139-->[com.google.android.gms:play-services-measurement:17.4.3] AndroidManifest.xml:43:13-69
140
141        <provider
141-->[com.google.firebase:firebase-common:19.3.0] AndroidManifest.xml:26:9-30:39
142            android:name="com.google.firebase.provider.FirebaseInitProvider"
142-->[com.google.firebase:firebase-common:19.3.0] AndroidManifest.xml:27:13-77
143            android:authorities="indiabeeps.app.bayanapp.firebaseinitprovider"
143-->[com.google.firebase:firebase-common:19.3.0] AndroidManifest.xml:28:13-72
144            android:exported="false"
144-->[com.google.firebase:firebase-common:19.3.0] AndroidManifest.xml:29:13-37
145            android:initOrder="100" />
145-->[com.google.firebase:firebase-common:19.3.0] AndroidManifest.xml:30:13-36
146
147        <activity
147-->[com.google.android.gms:play-services-base:17.0.0] AndroidManifest.xml:23:9-26:75
148            android:name="com.google.android.gms.common.api.GoogleApiActivity"
148-->[com.google.android.gms:play-services-base:17.0.0] AndroidManifest.xml:24:13-79
149            android:exported="false"
149-->[com.google.android.gms:play-services-base:17.0.0] AndroidManifest.xml:25:13-37
150            android:theme="@android:style/Theme.Translucent.NoTitleBar" />
150-->[com.google.android.gms:play-services-base:17.0.0] AndroidManifest.xml:26:13-72
151
152        <meta-data
152-->[com.google.android.gms:play-services-basement:17.0.0] AndroidManifest.xml:23:9-25:69
153            android:name="com.google.android.gms.version"
153-->[com.google.android.gms:play-services-basement:17.0.0] AndroidManifest.xml:24:13-58
154            android:value="@integer/google_play_services_version" />
154-->[com.google.android.gms:play-services-basement:17.0.0] AndroidManifest.xml:25:13-66
155
156        <service
156-->[com.google.android.datatransport:transport-backend-cct:2.2.0] AndroidManifest.xml:29:9-35:19
157            android:name="com.google.android.datatransport.runtime.backends.TransportBackendDiscovery"
157-->[com.google.android.datatransport:transport-backend-cct:2.2.0] AndroidManifest.xml:30:13-103
158            android:exported="false" >
158-->[com.google.android.datatransport:transport-backend-cct:2.2.0] AndroidManifest.xml:31:13-37
159            <meta-data
159-->[com.google.android.datatransport:transport-backend-cct:2.2.0] AndroidManifest.xml:32:13-34:39
160                android:name="backend:com.google.android.datatransport.cct.CctBackendFactory"
160-->[com.google.android.datatransport:transport-backend-cct:2.2.0] AndroidManifest.xml:33:17-94
161                android:value="cct" />
161-->[com.google.android.datatransport:transport-backend-cct:2.2.0] AndroidManifest.xml:34:17-36
162        </service>
163        <service
163-->[com.google.android.datatransport:transport-runtime:2.2.0] AndroidManifest.xml:26:9-30:19
164            android:name="com.google.android.datatransport.runtime.scheduling.jobscheduling.JobInfoSchedulerService"
164-->[com.google.android.datatransport:transport-runtime:2.2.0] AndroidManifest.xml:27:13-117
165            android:exported="false"
165-->[com.google.android.datatransport:transport-runtime:2.2.0] AndroidManifest.xml:28:13-37
166            android:permission="android.permission.BIND_JOB_SERVICE" >
166-->[com.google.android.datatransport:transport-runtime:2.2.0] AndroidManifest.xml:29:13-69
167        </service>
168
169        <receiver
169-->[com.google.android.datatransport:transport-runtime:2.2.0] AndroidManifest.xml:32:9-34:40
170            android:name="com.google.android.datatransport.runtime.scheduling.jobscheduling.AlarmManagerSchedulerBroadcastReceiver"
170-->[com.google.android.datatransport:transport-runtime:2.2.0] AndroidManifest.xml:33:13-132
171            android:exported="false" />
171-->[com.google.android.datatransport:transport-runtime:2.2.0] AndroidManifest.xml:34:13-37
172    </application>
173
174</manifest>